<?xml version="1.0" encoding="UTF-8"?>
<!-- Generated by org.testng.reporters.JUnitXMLReporter -->
<testsuite hostname="DESKTOP-9EU580V" ignored="0" name="Test" tests="2" failures="1" timestamp="2022-12-01T17:11:48 CST" time="17.759" errors="0">
  <testcase name="googleTitleTest" time="0.047" classname="newPackageWithTestNG.GoogleTesting"/>
  <testcase name="logoTest" time="0.073" classname="newPackageWithTestNG.GoogleTesting">
    <failure type="java.lang.AssertionError" message="expected [true] but found [false]">
      <![CDATA[java.lang.AssertionError: expected [true] but found [false]
at newPackageWithTestNG.GoogleTesting.logoTest(GoogleTesting.java:41)
at java.util.ArrayList.forEach(ArrayList.java:1259)
at java.util.concurrent.FutureTask.run(FutureTask.java:266)
at java.util.concurrent.ThreadPoolExecutor.runWorker(ThreadPoolExecutor.java:1149)
at java.util.concurrent.ThreadPoolExecutor$Worker.run(ThreadPoolExecutor.java:624)
at java.lang.Thread.run(Thread.java:750)
... Removed 24 stack frames]]>
    </failure>
  </testcase> <!-- logoTest -->
</testsuite> <!-- Test -->
