<?xml version="1.0" encoding="UTF-8"?>
<testng-results skipped="0" failed="1" ignored="0" total="2" passed="1">
  <reporter-output>
  </reporter-output>
  <suite name="Default suite" duration-ms="23787" started-at="2022-12-20T13:08:10 CST" finished-at="2022-12-20T13:08:34 CST">
    <groups>
    </groups>
    <test name="Default test" duration-ms="23787" started-at="2022-12-20T13:08:10 CST" finished-at="2022-12-20T13:08:34 CST">
      <class name="newPackageWithTestNG.ScreenshotTest">
        <test-method status="PASS" signature="setup()[pri:0, instance:newPackageWithTestNG.ScreenshotTest@384ad17b]" name="setup" is-config="true" duration-ms="11209" started-at="2022-12-20T13:08:10 CST" finished-at="2022-12-20T13:08:22 CST">
          <reporter-output>
          </reporter-output>
        </test-method> <!-- setup -->
        <test-method status="FAIL" signature="takeScreenshotTest1()[pri:0, instance:newPackageWithTestNG.ScreenshotTest@384ad17b]" name="takeScreenshotTest1" duration-ms="21" started-at="2022-12-20T13:08:22 CST" finished-at="2022-12-20T13:08:22 CST">
          <exception class="java.lang.AssertionError">
            <message>
              <![CDATA[expected [false] but found [true]]]>
            </message>
            <full-stacktrace>
              <![CDATA[java.lang.AssertionError: expected [false] but found [true]
at org.testng.Assert.fail(Assert.java:99)
at org.testng.Assert.failNotEquals(Assert.java:1037)
at org.testng.Assert.assertEqualsImpl(Assert.java:140)
at org.testng.Assert.assertEquals(Assert.java:122)
at org.testng.Assert.assertEquals(Assert.java:819)
at org.testng.Assert.assertEquals(Assert.java:829)
at newPackageWithTestNG.ScreenshotTest.takeScreenshotTest1(ScreenshotTest.java:29)
at sun.reflect.NativeMethodAccessorImpl.invoke0(Native Method)
at sun.reflect.NativeMethodAccessorImpl.invoke(NativeMethodAccessorImpl.java:62)
at sun.reflect.DelegatingMethodAccessorImpl.invoke(DelegatingMethodAccessorImpl.java:43)
at java.lang.reflect.Method.invoke(Method.java:498)
at org.testng.internal.MethodInvocationHelper.invokeMethod(MethodInvocationHelper.java:133)
at org.testng.internal.TestInvoker.invokeMethod(TestInvoker.java:598)
at org.testng.internal.TestInvoker.invokeTestMethod(TestInvoker.java:173)
at org.testng.internal.MethodRunner.runInSequence(MethodRunner.java:46)
at org.testng.internal.TestInvoker$MethodInvocationAgent.invoke(TestInvoker.java:824)
at org.testng.internal.TestInvoker.invokeTestMethods(TestInvoker.java:146)
at org.testng.internal.TestMethodWorker.invokeTestMethods(TestMethodWorker.java:146)
at org.testng.internal.TestMethodWorker.run(TestMethodWorker.java:128)
at java.util.ArrayList.forEach(ArrayList.java:1259)
at org.testng.TestRunner.privateRun(TestRunner.java:794)
at org.testng.TestRunner.run(TestRunner.java:596)
at org.testng.SuiteRunner.runTest(SuiteRunner.java:377)
at org.testng.SuiteRunner.runSequentially(SuiteRunner.java:371)
at org.testng.SuiteRunner.privateRun(SuiteRunner.java:332)
at org.testng.SuiteRunner.run(SuiteRunner.java:276)
at org.testng.SuiteRunnerWorker.runSuite(SuiteRunnerWorker.java:53)
at org.testng.SuiteRunnerWorker.run(SuiteRunnerWorker.java:96)
at org.testng.TestNG.runSuitesSequentially(TestNG.java:1212)
at org.testng.TestNG.runSuitesLocally(TestNG.java:1134)
at org.testng.TestNG.runSuites(TestNG.java:1063)
at org.testng.TestNG.run(TestNG.java:1031)
at org.testng.remote.AbstractRemoteTestNG.run(AbstractRemoteTestNG.java:115)
at org.testng.remote.RemoteTestNG.initAndRun(RemoteTestNG.java:251)
at org.testng.remote.RemoteTestNG.main(RemoteTestNG.java:77)
]]>
            </full-stacktrace>
          </exception> <!-- java.lang.AssertionError -->
          <reporter-output>
          </reporter-output>
        </test-method> <!-- takeScreenshotTest1 -->
        <test-method status="PASS" signature="tearDown()[pri:0, instance:newPackageWithTestNG.ScreenshotTest@384ad17b]" name="tearDown" is-config="true" duration-ms="2350" started-at="2022-12-20T13:08:22 CST" finished-at="2022-12-20T13:08:25 CST">
          <reporter-output>
          </reporter-output>
        </test-method> <!-- tearDown -->
        <test-method status="PASS" signature="setup()[pri:0, instance:newPackageWithTestNG.ScreenshotTest@384ad17b]" name="setup" is-config="true" duration-ms="9062" started-at="2022-12-20T13:08:25 CST" finished-at="2022-12-20T13:08:34 CST">
          <reporter-output>
          </reporter-output>
        </test-method> <!-- setup -->
        <test-method status="PASS" signature="takeScreenshotTest2()[pri:0, instance:newPackageWithTestNG.ScreenshotTest@384ad17b]" name="takeScreenshotTest2" duration-ms="3" started-at="2022-12-20T13:08:34 CST" finished-at="2022-12-20T13:08:34 CST">
          <reporter-output>
          </reporter-output>
        </test-method> <!-- takeScreenshotTest2 -->
        <test-method status="PASS" signature="tearDown()[pri:0, instance:newPackageWithTestNG.ScreenshotTest@384ad17b]" name="tearDown" is-config="true" duration-ms="509" started-at="2022-12-20T13:08:34 CST" finished-at="2022-12-20T13:08:34 CST">
          <reporter-output>
          </reporter-output>
        </test-method> <!-- tearDown -->
      </class> <!-- newPackageWithTestNG.ScreenshotTest -->
    </test> <!-- Default test -->
  </suite> <!-- Default suite -->
</testng-results>
